<?xml version="1.0" encoding="UTF-8"?>
<!-- Generated by org.testng.reporters.JUnitXMLReporter -->
<testsuite hostname="ACLA022P2850" ignored="0" tests="4" failures="0" timestamp="17 Sep 2019 09:37:32 GMT" time="27.853" errors="0">
  <testcase name="test2" time="12.094" classname="chromeTest2"/>
  <testcase name="test3" time="12.734" classname="chromeTest3"/>
  <testcase name="test1" time="15.459" classname="chromeTest"/>
  <testcase name="test4" time="27.81" classname="firefoxTest"/>
</testsuite>
