<?xml version="1.0" encoding="UTF-8"?>
<!-- Generated by org.testng.reporters.JUnitXMLReporter -->
<testsuite hostname="ACLA022P2850" ignored="0" tests="4" failures="0" timestamp="17 Sep 2019 13:39:58 GMT" time="58.376" errors="0">
  <testcase name="test2" time="28.103" classname="chromeTest2"/>
  <testcase name="test1" time="37.955" classname="chromeTest"/>
  <testcase name="test3" time="51.81" classname="chromeTest3"/>
  <testcase name="test4" time="58.299" classname="firefoxTest"/>
</testsuite>
