<?xml version="1.0" encoding="UTF-8"?>
<testng-results skipped="0" failed="0" ignored="0" total="4" passed="4">
  <reporter-output>
  </reporter-output>
  <suite name="Suite" duration-ms="58376" started-at="2019-09-17T13:39:00Z" finished-at="2019-09-17T13:39:58Z">
    <groups>
    </groups>
    <test name="Test" duration-ms="58376" started-at="2019-09-17T13:39:00Z" finished-at="2019-09-17T13:39:58Z">
      <class name="chromeTest3">
        <test-method status="PASS" signature="test3()[pri:0, instance:chromeTest3@64616ca2]" name="test3" duration-ms="51810" started-at="2019-09-17T13:39:00Z" finished-at="2019-09-17T13:39:52Z">
          <reporter-output>
          </reporter-output>
        </test-method> <!-- test3 -->
      </class> <!-- chromeTest3 -->
      <class name="chromeTest2">
        <test-method status="PASS" signature="test2()[pri:0, instance:chromeTest2@3b81a1bc]" name="test2" duration-ms="28103" started-at="2019-09-17T13:39:00Z" finished-at="2019-09-17T13:39:28Z">
          <reporter-output>
          </reporter-output>
        </test-method> <!-- test2 -->
      </class> <!-- chromeTest2 -->
      <class name="chromeTest">
        <test-method status="PASS" signature="test1()[pri:0, instance:chromeTest@5f2050f6]" name="test1" duration-ms="37955" started-at="2019-09-17T13:39:00Z" finished-at="2019-09-17T13:39:38Z">
          <reporter-output>
          </reporter-output>
        </test-method> <!-- test1 -->
      </class> <!-- chromeTest -->
      <class name="firefoxTest">
        <test-method status="PASS" signature="test4()[pri:0, instance:firefoxTest@13fee20c]" name="test4" duration-ms="58299" started-at="2019-09-17T13:39:00Z" finished-at="2019-09-17T13:39:58Z">
          <reporter-output>
          </reporter-output>
        </test-method> <!-- test4 -->
      </class> <!-- firefoxTest -->
    </test> <!-- Test -->
  </suite> <!-- Suite -->
</testng-results>
