<?xml version="1.0" encoding="UTF-8"?>
<testng-results skipped="0" failed="0" ignored="0" total="4" passed="4">
  <reporter-output>
  </reporter-output>
  <suite name="Suite" duration-ms="27853" started-at="2019-09-17T09:37:04Z" finished-at="2019-09-17T09:37:32Z">
    <groups>
    </groups>
    <test name="Test" duration-ms="27853" started-at="2019-09-17T09:37:04Z" finished-at="2019-09-17T09:37:32Z">
      <class name="chromeTest3">
        <test-method status="PASS" signature="test3()[pri:0, instance:chromeTest3@5a01ccaa]" name="test3" duration-ms="12734" started-at="2019-09-17T09:37:04Z" finished-at="2019-09-17T09:37:17Z">
          <reporter-output>
          </reporter-output>
        </test-method> <!-- test3 -->
      </class> <!-- chromeTest3 -->
      <class name="chromeTest2">
        <test-method status="PASS" signature="test2()[pri:0, instance:chromeTest2@47f37ef1]" name="test2" duration-ms="12094" started-at="2019-09-17T09:37:04Z" finished-at="2019-09-17T09:37:16Z">
          <reporter-output>
          </reporter-output>
        </test-method> <!-- test2 -->
      </class> <!-- chromeTest2 -->
      <class name="chromeTest">
        <test-method status="PASS" signature="test1()[pri:0, instance:chromeTest@3c5a99da]" name="test1" duration-ms="15459" started-at="2019-09-17T09:37:04Z" finished-at="2019-09-17T09:37:19Z">
          <reporter-output>
          </reporter-output>
        </test-method> <!-- test1 -->
      </class> <!-- chromeTest -->
      <class name="firefoxTest">
        <test-method status="PASS" signature="test4()[pri:0, instance:firefoxTest@71c7db30]" name="test4" duration-ms="27810" started-at="2019-09-17T09:37:04Z" finished-at="2019-09-17T09:37:32Z">
          <reporter-output>
          </reporter-output>
        </test-method> <!-- test4 -->
      </class> <!-- firefoxTest -->
    </test> <!-- Test -->
  </suite> <!-- Suite -->
</testng-results>
